#
# There is insufficient memory for the Java Runtime Environment to continue.
# Native memory allocation (malloc) failed to allocate 65552 bytes for Chunk::new
# Possible reasons:
#   The system is out of physical RAM or swap space
#   The process is running with CompressedOops enabled, and the Java Heap may be blocking the growth of the native heap
# Possible solutions:
#   Reduce memory load on the system
#   Increase physical memory or swap space
#   Check if swap backing store is full
#   Decrease Java heap size (-Xmx/-Xms)
#   Decrease number of Java threads
#   Decrease Java thread stack sizes (-Xss)
#   Set larger code cache with -XX:ReservedCodeCacheSize=
#   JVM is running with Zero Based Compressed Oops mode in which the Java heap is
#     placed in the first 32GB address space. The Java Heap base address is the
#     maximum limit for the native heap growth. Please use -XX:HeapBaseMinAddress
#     to set the Java Heap base and to place the Java Heap above 32GB virtual address.
# This output file may be truncated or incomplete.
#
#  Out of Memory Error (t:/workspace/open/src/hotspot/share/memory/arena.cpp:197), pid=12120, tid=12188
#
# JRE version: OpenJDK Runtime Environment (11.0.2+9) (build 11.0.2+9)
# Java VM: OpenJDK 64-Bit Server VM (11.0.2+9, mixed mode, tiered, compressed oops, g1 gc, windows-amd64)
# No core dump will be written. Minidumps are not enabled by default on client versions of Windows
#

---------------  S U M M A R Y ------------

Command Line: -Djavafx.embed.singleThread=true 

Host: Intel(R) Core(TM) i5-4200U CPU @ 1.60GHz, 4 cores, 11G,  Windows 10 , 64 bit Build 18362 (10.0.18362.329)
Time: Thu Mar 19 09:44:11 2020 SE Asia Standard Time elapsed time: 8129 seconds (0d 2h 15m 29s)

---------------  T H R E A D  ---------------

Current thread (0x0000000024c17800):  JavaThread "C2 CompilerThread0" daemon [_thread_in_native, id=12188, stack(0x0000000025ad0000,0x0000000025cd0000)]


Current CompileTask:
C2:8129926 11175   !   4       com.sun.javafx.tk.quantum.PaintCollector::renderAll (381 bytes)

Stack: [0x0000000025ad0000,0x0000000025cd0000]
Native frames: (J=compiled Java code, j=interpreted, Vv=VM code, C=native code)
V  [jvm.dll+0x63489a]
V  [jvm.dll+0x771f9f]
V  [jvm.dll+0x773648]
V  [jvm.dll+0x773d03]
V  [jvm.dll+0x25eba8]
V  [jvm.dll+0xc2191]
V  [jvm.dll+0xc271c]
V  [jvm.dll+0xc2270]
V  [jvm.dll+0x613baf]
V  [jvm.dll+0x87b63]
V  [jvm.dll+0x663960]
V  [jvm.dll+0x2ea4ab]
V  [jvm.dll+0x5fc1fb]
V  [jvm.dll+0x10af6c]
V  [jvm.dll+0x34a39d]
V  [jvm.dll+0x656ac9]
V  [jvm.dll+0x655e2f]
V  [jvm.dll+0x650f8c]
V  [jvm.dll+0x64a4bb]
V  [jvm.dll+0x649ad2]
V  [jvm.dll+0x6476f7]
V  [jvm.dll+0x196f2c]
V  [jvm.dll+0x21780b]
V  [jvm.dll+0x194370]
V  [jvm.dll+0x226b3f]
V  [jvm.dll+0x225148]
V  [jvm.dll+0x73774d]
V  [jvm.dll+0x633942]
C  [ucrtbase.dll+0x20e72]
C  [KERNEL32.DLL+0x17bd4]
C  [ntdll.dll+0x6ced1]


---------------  P R O C E S S  ---------------

Threads class SMR info:
_java_thread_list=0x000000002cfd7f00, length=33, elements={
0x0000000003062800, 0x0000000024c03800, 0x0000000024c0c800, 0x0000000024c6a800,
0x0000000024c6c000, 0x0000000024c17800, 0x0000000024c1b800, 0x0000000024c22000,
0x0000000024dd4800, 0x0000000024ddf000, 0x000000002680f000, 0x0000000026a05800,
0x0000000026950800, 0x00000000268c9000, 0x000000002c8b0800, 0x000000002c8af800,
0x000000002c99c000, 0x000000002c99d000, 0x0000000026a63000, 0x0000000031683800,
0x0000000031675800, 0x000000003167b000, 0x0000000031677000, 0x0000000031678000,
0x0000000031679800, 0x0000000033b32000, 0x0000000033b30800, 0x0000000033b31800,
0x0000000033b34000, 0x0000000033b33000, 0x0000000033b34800, 0x0000000033b35800,
0x0000000033b30000
}

Java Threads: ( => current thread )
  0x0000000003062800 JavaThread "main" [_thread_blocked, id=9424, stack(0x00000000004e0000,0x00000000006e0000)]
  0x0000000024c03800 JavaThread "Reference Handler" daemon [_thread_blocked, id=10848, stack(0x00000000251d0000,0x00000000253d0000)]
  0x0000000024c0c800 JavaThread "Finalizer" daemon [_thread_blocked, id=6812, stack(0x00000000253d0000,0x00000000255d0000)]
  0x0000000024c6a800 JavaThread "Signal Dispatcher" daemon [_thread_blocked, id=11916, stack(0x00000000256d0000,0x00000000258d0000)]
  0x0000000024c6c000 JavaThread "Attach Listener" daemon [_thread_blocked, id=3032, stack(0x00000000258d0000,0x0000000025ad0000)]
=>0x0000000024c17800 JavaThread "C2 CompilerThread0" daemon [_thread_in_native, id=12188, stack(0x0000000025ad0000,0x0000000025cd0000)]
  0x0000000024c1b800 JavaThread "C1 CompilerThread0" daemon [_thread_blocked, id=12040, stack(0x0000000025cd0000,0x0000000025ed0000)]
  0x0000000024c22000 JavaThread "Sweeper thread" daemon [_thread_blocked, id=7172, stack(0x0000000025ed0000,0x00000000260d0000)]
  0x0000000024dd4800 JavaThread "Service Thread" daemon [_thread_blocked, id=3336, stack(0x00000000260d0000,0x00000000262d0000)]
  0x0000000024ddf000 JavaThread "Common-Cleaner" daemon [_thread_blocked, id=11792, stack(0x00000000264d0000,0x00000000266d0000)]
  0x000000002680f000 JavaThread "JavaFX-Launcher" [_thread_blocked, id=5272, stack(0x0000000026ed0000,0x00000000270d0000)]
  0x0000000026a05800 JavaThread "QuantumRenderer-0" daemon [_thread_blocked, id=9708, stack(0x0000000027250000,0x0000000027450000)]
  0x0000000026950800 JavaThread "InvokeLaterDispatcher" daemon [_thread_blocked, id=4184, stack(0x0000000027850000,0x0000000027a50000)]
  0x00000000268c9000 JavaThread "JavaFX Application Thread" [_thread_in_native, id=13164, stack(0x0000000027a50000,0x0000000027c50000)]
  0x000000002c8b0800 JavaThread "Thread-2" daemon [_thread_in_native, id=10312, stack(0x000000002c450000,0x000000002c650000)]
  0x000000002c8af800 JavaThread "Java2D Disposer" daemon [_thread_blocked, id=9440, stack(0x000000002dad0000,0x000000002dcd0000)]
  0x000000002c99c000 JavaThread "AWT-Shutdown" [_thread_blocked, id=12204, stack(0x000000002dcd0000,0x000000002ded0000)]
  0x000000002c99d000 JavaThread "AWT-Windows" daemon [_thread_in_native, id=3092, stack(0x000000002ded0000,0x000000002e0d0000)]
  0x0000000026a63000 JavaThread "Thread-3" [_thread_blocked, id=11964, stack(0x000000002e0d0000,0x000000002e2d0000)]
  0x0000000031683800 JavaThread "AWT-EventQueue-0" [_thread_blocked, id=11256, stack(0x00000000328b0000,0x0000000032ab0000)]
  0x0000000031675800 JavaThread "TimerQueue" daemon [_thread_blocked, id=13028, stack(0x0000000032650000,0x0000000032850000)]
  0x000000003167b000 JavaThread "Prism Font Disposer" daemon [_thread_blocked, id=12016, stack(0x0000000035bf0000,0x0000000035df0000)]
  0x0000000031677000 JavaThread "Thread-8" [_thread_blocked, id=10924, stack(0x0000000038110000,0x0000000038310000)]
  0x0000000031678000 JavaThread "Timer-0" [_thread_blocked, id=12848, stack(0x0000000038310000,0x0000000038510000)]
  0x0000000031679800 JavaThread "JDI Internal Event Handler" daemon [_thread_blocked, id=9956, stack(0x0000000038b10000,0x0000000038d10000)]
  0x0000000033b32000 JavaThread "JDI Target VM Interface" daemon [_thread_in_native, id=10792, stack(0x0000000038d10000,0x0000000038f10000)]
  0x0000000033b30800 JavaThread "BlueJ I/O Handler" [_thread_in_native, id=5184, stack(0x0000000038f10000,0x0000000039110000)]
  0x0000000033b31800 JavaThread "BlueJ I/O Handler" [_thread_in_native, id=9380, stack(0x0000000039110000,0x0000000039310000)]
  0x0000000033b34000 JavaThread "BlueJ I/O Handler" [_thread_blocked, id=7116, stack(0x0000000039310000,0x0000000039510000)]
  0x0000000033b33000 JavaThread "Thread-10" [_thread_blocked, id=3932, stack(0x0000000039510000,0x0000000039710000)]
  0x0000000033b34800 JavaThread "vm-event-handler" [_thread_blocked, id=8220, stack(0x0000000039710000,0x0000000039910000)]
  0x0000000033b35800 JavaThread "Cleaner-0" daemon [_thread_blocked, id=6956, stack(0x000000003ab80000,0x000000003ad80000)]
  0x0000000033b30000 JavaThread "Disposer" daemon [_thread_blocked, id=4448, stack(0x000000003ae50000,0x000000003b050000)]

Other Threads:
  0x0000000024bd9800 VMThread "VM Thread" [stack: 0x0000000024fd0000,0x00000000251d0000] [id=9532]
  0x0000000024dd8800 WatcherThread [stack: 0x00000000262d0000,0x00000000264d0000] [id=8804]
  0x0000000003079800 GCTaskThread "GC Thread#0" [stack: 0x0000000002a00000,0x0000000002c00000] [id=3744]
  0x000000002699e800 GCTaskThread "GC Thread#1" [stack: 0x000000002e2d0000,0x000000002e4d0000] [id=7824]
  0x0000000026d23800 GCTaskThread "GC Thread#2" [stack: 0x000000002e4d0000,0x000000002e6d0000] [id=8984]
  0x0000000026d24000 GCTaskThread "GC Thread#3" [stack: 0x000000002e6d0000,0x000000002e8d0000] [id=10788]
  0x00000000030bf000 ConcurrentGCThread "G1 Main Marker" [stack: 0x0000000021590000,0x0000000021790000] [id=800]
  0x00000000030c0800 ConcurrentGCThread "G1 Conc#0" [stack: 0x0000000021790000,0x0000000021990000] [id=10548]
  0x0000000023e3e000 ConcurrentGCThread "G1 Refine#0" [stack: 0x0000000023fd0000,0x00000000241d0000] [id=5360]
  0x0000000023e41000 ConcurrentGCThread "G1 Young RemSet Sampling" [stack: 0x00000000241d0000,0x00000000243d0000] [id=1120]

Threads with active compile tasks:
C2 CompilerThread011175   !   4       com.sun.javafx.tk.quantum.PaintCollector::renderAll (381 bytes)

VM state:not at safepoint (normal execution)

VM Mutex/Monitor currently owned by a thread: None

Heap address: 0x0000000741c00000, size: 3044 MB, Compressed Oops mode: Zero based, Oop shift amount: 3
Narrow klass base: 0x0000000800000000, Narrow klass shift: 0
Compressed class space size: 1073741824 Address: 0x0000000800000000

Heap:
 garbage-first heap   total 284672K, used 86521K [0x0000000741c00000, 0x0000000800000000)
  region size 1024K, 47 young (48128K), 10 survivors (10240K)
 Metaspace       used 56790K, capacity 59735K, committed 59948K, reserved 1099776K
  class space    used 7544K, capacity 8812K, committed 8832K, reserved 1048576K
Heap Regions: E=young(eden), S=young(survivor), O=old, HS=humongous(starts), HC=humongous(continues), CS=collection set, F=free, A=archive, TAMS=top-at-mark-start (previous, next)
|   0|0x0000000741c00000, 0x0000000741d00000, 0x0000000741d00000|100%| O|  |TAMS 0x0000000741d00000, 0x0000000741c00000| Untracked 
|   1|0x0000000741d00000, 0x0000000741d00000, 0x0000000741e00000|  0%| F|  |TAMS 0x0000000741d00000, 0x0000000741d00000| Untracked 
|   2|0x0000000741e00000, 0x0000000741f00000, 0x0000000741f00000|100%| O|  |TAMS 0x0000000741f00000, 0x0000000741e00000| Untracked 
|   3|0x0000000741f00000, 0x0000000742000000, 0x0000000742000000|100%| O|  |TAMS 0x0000000742000000, 0x0000000741f00000| Untracked 
|   4|0x0000000742000000, 0x0000000742100000, 0x0000000742100000|100%| O|  |TAMS 0x0000000742100000, 0x0000000742000000| Untracked 
|   5|0x0000000742100000, 0x0000000742200000, 0x0000000742200000|100%| O|  |TAMS 0x0000000742200000, 0x0000000742100000| Untracked 
|   6|0x0000000742200000, 0x0000000742300000, 0x0000000742300000|100%| O|  |TAMS 0x0000000742300000, 0x0000000742200000| Untracked 
|   7|0x0000000742300000, 0x0000000742400000, 0x0000000742400000|100%| O|  |TAMS 0x0000000742400000, 0x0000000742300000| Untracked 
|   8|0x0000000742400000, 0x0000000742500000, 0x0000000742500000|100%| O|  |TAMS 0x0000000742500000, 0x0000000742400000| Untracked 
|   9|0x0000000742500000, 0x0000000742600000, 0x0000000742600000|100%| O|  |TAMS 0x0000000742600000, 0x0000000742500000| Untracked 
|  10|0x0000000742600000, 0x0000000742700000, 0x0000000742700000|100%| O|  |TAMS 0x0000000742700000, 0x0000000742600000| Untracked 
|  11|0x0000000742700000, 0x0000000742800000, 0x0000000742800000|100%|HS|  |TAMS 0x0000000742800000, 0x0000000742700000| Complete 
|  12|0x0000000742800000, 0x0000000742900000, 0x0000000742900000|100%|HC|  |TAMS 0x0000000742900000, 0x0000000742800000| Complete 
|  13|0x0000000742900000, 0x0000000742a00000, 0x0000000742a00000|100%| O|  |TAMS 0x0000000742a00000, 0x0000000742900000| Untracked 
|  14|0x0000000742a00000, 0x0000000742b00000, 0x0000000742b00000|100%| O|  |TAMS 0x0000000742b00000, 0x0000000742a00000| Untracked 
|  15|0x0000000742b00000, 0x0000000742c00000, 0x0000000742c00000|100%| O|  |TAMS 0x0000000742c00000, 0x0000000742b00000| Untracked 
|  16|0x0000000742c00000, 0x0000000742d00000, 0x0000000742d00000|100%| O|  |TAMS 0x0000000742d00000, 0x0000000742c00000| Untracked 
|  17|0x0000000742d00000, 0x0000000742e00000, 0x0000000742e00000|100%| O|  |TAMS 0x0000000742e00000, 0x0000000742d00000| Untracked 
|  18|0x0000000742e00000, 0x0000000742f00000, 0x0000000742f00000|100%| O|  |TAMS 0x0000000742f00000, 0x0000000742e00000| Untracked 
|  19|0x0000000742f00000, 0x0000000743000000, 0x0000000743000000|100%| O|  |TAMS 0x0000000743000000, 0x0000000742f00000| Untracked 
|  20|0x0000000743000000, 0x0000000743100000, 0x0000000743100000|100%| O|  |TAMS 0x0000000743100000, 0x0000000743000000| Untracked 
|  21|0x0000000743100000, 0x0000000743200000, 0x0000000743200000|100%| O|  |TAMS 0x0000000743200000, 0x0000000743100000| Untracked 
|  22|0x0000000743200000, 0x0000000743300000, 0x0000000743300000|100%| O|  |TAMS 0x0000000743300000, 0x0000000743200000| Untracked 
|  23|0x0000000743300000, 0x0000000743400000, 0x0000000743400000|100%| O|  |TAMS 0x0000000743400000, 0x0000000743300000| Untracked 
|  24|0x0000000743400000, 0x0000000743500000, 0x0000000743500000|100%| O|  |TAMS 0x0000000743500000, 0x0000000743400000| Untracked 
|  25|0x0000000743500000, 0x0000000743600000, 0x0000000743600000|100%| O|  |TAMS 0x0000000743600000, 0x0000000743500000| Untracked 
|  26|0x0000000743600000, 0x0000000743700000, 0x0000000743700000|100%| O|  |TAMS 0x0000000743700000, 0x0000000743600000| Untracked 
|  27|0x0000000743700000, 0x0000000743800000, 0x0000000743800000|100%| O|  |TAMS 0x0000000743800000, 0x0000000743700000| Untracked 
|  28|0x0000000743800000, 0x0000000743900000, 0x0000000743900000|100%|HS|  |TAMS 0x0000000743900000, 0x0000000743800000| Complete 
|  29|0x0000000743900000, 0x0000000743a00000, 0x0000000743a00000|100%|HS|  |TAMS 0x0000000743a00000, 0x0000000743900000| Complete 
|  30|0x0000000743a00000, 0x0000000743b00000, 0x0000000743b00000|100%| O|  |TAMS 0x0000000743b00000, 0x0000000743a00000| Untracked 
|  31|0x0000000743b00000, 0x0000000743c00000, 0x0000000743c00000|100%| O|  |TAMS 0x0000000743c00000, 0x0000000743b00000| Untracked 
|  32|0x0000000743c00000, 0x0000000743d00000, 0x0000000743d00000|100%| O|  |TAMS 0x0000000743d00000, 0x0000000743c00000| Untracked 
|  33|0x0000000743d00000, 0x0000000743e00000, 0x0000000743e00000|100%| O|  |TAMS 0x0000000743e00000, 0x0000000743d00000| Untracked 
|  34|0x0000000743e00000, 0x0000000743f00000, 0x0000000743f00000|100%| O|  |TAMS 0x0000000743f00000, 0x0000000743e00000| Untracked 
|  35|0x0000000743f00000, 0x0000000744000000, 0x0000000744000000|100%| O|  |TAMS 0x0000000744000000, 0x0000000743f00000| Untracked 
|  36|0x0000000744000000, 0x0000000744100000, 0x0000000744100000|100%| O|  |TAMS 0x0000000744100000, 0x0000000744000000| Untracked 
|  37|0x0000000744100000, 0x0000000744200000, 0x0000000744200000|100%| O|  |TAMS 0x0000000744200000, 0x0000000744100000| Untracked 
|  38|0x0000000744200000, 0x0000000744300000, 0x0000000744300000|100%| O|  |TAMS 0x0000000744300000, 0x0000000744200000| Untracked 
|  39|0x0000000744300000, 0x0000000744400000, 0x0000000744400000|100%| O|  |TAMS 0x0000000744400000, 0x0000000744300000| Untracked 
|  40|0x0000000744400000, 0x000000074441b400, 0x0000000744500000| 10%| O|  |TAMS 0x000000074441b400, 0x0000000744400000| Untracked 
|  41|0x0000000744500000, 0x0000000744500000, 0x0000000744600000|  0%| F|  |TAMS 0x0000000744500000, 0x0000000744500000| Untracked 
|  42|0x0000000744600000, 0x0000000744600000, 0x0000000744700000|  0%| F|  |TAMS 0x0000000744600000, 0x0000000744600000| Untracked 
|  43|0x0000000744700000, 0x0000000744700000, 0x0000000744800000|  0%| F|  |TAMS 0x0000000744700000, 0x0000000744700000| Untracked 
|  44|0x0000000744800000, 0x0000000744800000, 0x0000000744900000|  0%| F|  |TAMS 0x0000000744800000, 0x0000000744800000| Untracked 
|  45|0x0000000744900000, 0x0000000744900000, 0x0000000744a00000|  0%| F|  |TAMS 0x0000000744900000, 0x0000000744900000| Untracked 
|  46|0x0000000744a00000, 0x0000000744a00000, 0x0000000744b00000|  0%| F|  |TAMS 0x0000000744a00000, 0x0000000744a00000| Untracked 
|  47|0x0000000744b00000, 0x0000000744b00000, 0x0000000744c00000|  0%| F|  |TAMS 0x0000000744b00000, 0x0000000744b00000| Untracked 
|  48|0x0000000744c00000, 0x0000000744c00000, 0x0000000744d00000|  0%| F|  |TAMS 0x0000000744c00000, 0x0000000744c00000| Untracked 
|  49|0x0000000744d00000, 0x0000000744d00000, 0x0000000744e00000|  0%| F|  |TAMS 0x0000000744d00000, 0x0000000744d00000| Untracked 
|  50|0x0000000744e00000, 0x0000000744e00000, 0x0000000744f00000|  0%| F|  |TAMS 0x0000000744e00000, 0x0000000744e00000| Untracked 
|  51|0x0000000744f00000, 0x0000000744f00000, 0x0000000745000000|  0%| F|  |TAMS 0x0000000744f00000, 0x0000000744f00000| Untracked 
|  52|0x0000000745000000, 0x0000000745000000, 0x0000000745100000|  0%| F|  |TAMS 0x0000000745000000, 0x0000000745000000| Untracked 
|  53|0x0000000745100000, 0x0000000745100000, 0x0000000745200000|  0%| F|  |TAMS 0x0000000745100000, 0x0000000745100000| Untracked 
|  54|0x0000000745200000, 0x0000000745200000, 0x0000000745300000|  0%| F|  |TAMS 0x0000000745200000, 0x0000000745200000| Untracked 
|  55|0x0000000745300000, 0x0000000745300000, 0x0000000745400000|  0%| F|  |TAMS 0x0000000745300000, 0x0000000745300000| Untracked 
|  56|0x0000000745400000, 0x0000000745400000, 0x0000000745500000|  0%| F|  |TAMS 0x0000000745400000, 0x0000000745400000| Untracked 
|  57|0x0000000745500000, 0x0000000745500000, 0x0000000745600000|  0%| F|  |TAMS 0x0000000745500000, 0x0000000745500000| Untracked 
|  58|0x0000000745600000, 0x0000000745600000, 0x0000000745700000|  0%| F|  |TAMS 0x0000000745600000, 0x0000000745600000| Untracked 
|  59|0x0000000745700000, 0x0000000745700000, 0x0000000745800000|  0%| F|  |TAMS 0x0000000745700000, 0x0000000745700000| Untracked 
|  60|0x0000000745800000, 0x0000000745800000, 0x0000000745900000|  0%| F|  |TAMS 0x0000000745800000, 0x0000000745800000| Untracked 
|  61|0x0000000745900000, 0x0000000745900000, 0x0000000745a00000|  0%| F|  |TAMS 0x0000000745900000, 0x0000000745900000| Untracked 
|  62|0x0000000745a00000, 0x0000000745a00000, 0x0000000745b00000|  0%| F|  |TAMS 0x0000000745a00000, 0x0000000745a00000| Untracked 
|  63|0x0000000745b00000, 0x0000000745b00000, 0x0000000745c00000|  0%| F|  |TAMS 0x0000000745b00000, 0x0000000745b00000| Untracked 
|  64|0x0000000745c00000, 0x0000000745c00000, 0x0000000745d00000|  0%| F|  |TAMS 0x0000000745c00000, 0x0000000745c00000| Untracked 
|  65|0x0000000745d00000, 0x0000000745d00000, 0x0000000745e00000|  0%| F|  |TAMS 0x0000000745d00000, 0x0000000745d00000| Untracked 
|  66|0x0000000745e00000, 0x0000000745e00000, 0x0000000745f00000|  0%| F|  |TAMS 0x0000000745e00000, 0x0000000745e00000| Untracked 
|  67|0x0000000745f00000, 0x0000000745f00000, 0x0000000746000000|  0%| F|  |TAMS 0x0000000745f00000, 0x0000000745f00000| Untracked 
|  68|0x0000000746000000, 0x0000000746000000, 0x0000000746100000|  0%| F|  |TAMS 0x0000000746000000, 0x0000000746000000| Untracked 
|  69|0x0000000746100000, 0x0000000746100000, 0x0000000746200000|  0%| F|  |TAMS 0x0000000746100000, 0x0000000746100000| Untracked 
|  70|0x0000000746200000, 0x0000000746200000, 0x0000000746300000|  0%| F|  |TAMS 0x0000000746200000, 0x0000000746200000| Untracked 
|  71|0x0000000746300000, 0x0000000746300000, 0x0000000746400000|  0%| F|  |TAMS 0x0000000746300000, 0x0000000746300000| Untracked 
|  72|0x0000000746400000, 0x0000000746400000, 0x0000000746500000|  0%| F|  |TAMS 0x0000000746400000, 0x0000000746400000| Untracked 
|  73|0x0000000746500000, 0x0000000746500000, 0x0000000746600000|  0%| F|  |TAMS 0x0000000746500000, 0x0000000746500000| Untracked 
|  74|0x0000000746600000, 0x0000000746600000, 0x0000000746700000|  0%| F|  |TAMS 0x0000000746600000, 0x0000000746600000| Untracked 
|  75|0x0000000746700000, 0x0000000746700000, 0x0000000746800000|  0%| F|  |TAMS 0x0000000746700000, 0x0000000746700000| Untracked 
|  76|0x0000000746800000, 0x0000000746800000, 0x0000000746900000|  0%| F|  |TAMS 0x0000000746800000, 0x0000000746800000| Untracked 
|  77|0x0000000746900000, 0x0000000746900000, 0x0000000746a00000|  0%| F|  |TAMS 0x0000000746900000, 0x0000000746900000| Untracked 
|  78|0x0000000746a00000, 0x0000000746a00000, 0x0000000746b00000|  0%| F|  |TAMS 0x0000000746a00000, 0x0000000746a00000| Untracked 
|  79|0x0000000746b00000, 0x0000000746b00000, 0x0000000746c00000|  0%| F|  |TAMS 0x0000000746b00000, 0x0000000746b00000| Untracked 
|  80|0x0000000746c00000, 0x0000000746c00000, 0x0000000746d00000|  0%| F|  |TAMS 0x0000000746c00000, 0x0000000746c00000| Untracked 
|  81|0x0000000746d00000, 0x0000000746d00000, 0x0000000746e00000|  0%| F|  |TAMS 0x0000000746d00000, 0x0000000746d00000| Untracked 
|  82|0x0000000746e00000, 0x0000000746e00000, 0x0000000746f00000|  0%| F|  |TAMS 0x0000000746e00000, 0x0000000746e00000| Untracked 
|  83|0x0000000746f00000, 0x0000000746f00000, 0x0000000747000000|  0%| F|  |TAMS 0x0000000746f00000, 0x0000000746f00000| Untracked 
|  84|0x0000000747000000, 0x0000000747000000, 0x0000000747100000|  0%| F|  |TAMS 0x0000000747000000, 0x0000000747000000| Untracked 
|  85|0x0000000747100000, 0x0000000747100000, 0x0000000747200000|  0%| F|  |TAMS 0x0000000747100000, 0x0000000747100000| Untracked 
|  86|0x0000000747200000, 0x0000000747200000, 0x0000000747300000|  0%| F|  |TAMS 0x0000000747200000, 0x0000000747200000| Untracked 
|  87|0x0000000747300000, 0x0000000747300000, 0x0000000747400000|  0%| F|  |TAMS 0x0000000747300000, 0x0000000747300000| Untracked 
|  88|0x0000000747400000, 0x0000000747400000, 0x0000000747500000|  0%| F|  |TAMS 0x0000000747400000, 0x0000000747400000| Untracked 
|  89|0x0000000747500000, 0x0000000747500000, 0x0000000747600000|  0%| F|  |TAMS 0x0000000747500000, 0x0000000747500000| Untracked 
|  90|0x0000000747600000, 0x0000000747600000, 0x0000000747700000|  0%| F|  |TAMS 0x0000000747600000, 0x0000000747600000| Untracked 
|  91|0x0000000747700000, 0x0000000747700000, 0x0000000747800000|  0%| F|  |TAMS 0x0000000747700000, 0x0000000747700000| Untracked 
|  92|0x0000000747800000, 0x0000000747800000, 0x0000000747900000|  0%| F|  |TAMS 0x0000000747800000, 0x0000000747800000| Untracked 
|  93|0x0000000747900000, 0x0000000747900000, 0x0000000747a00000|  0%| F|  |TAMS 0x0000000747900000, 0x0000000747900000| Untracked 
|  94|0x0000000747a00000, 0x0000000747a00000, 0x0000000747b00000|  0%| F|  |TAMS 0x0000000747a00000, 0x0000000747a00000| Untracked 
|  95|0x0000000747b00000, 0x0000000747b00000, 0x0000000747c00000|  0%| F|  |TAMS 0x0000000747b00000, 0x0000000747b00000| Untracked 
|  96|0x0000000747c00000, 0x0000000747c00000, 0x0000000747d00000|  0%| F|  |TAMS 0x0000000747c00000, 0x0000000747c00000| Untracked 
|  97|0x0000000747d00000, 0x0000000747d00000, 0x0000000747e00000|  0%| F|  |TAMS 0x0000000747d00000, 0x0000000747d00000| Untracked 
|  98|0x0000000747e00000, 0x0000000747e00000, 0x0000000747f00000|  0%| F|  |TAMS 0x0000000747e00000, 0x0000000747e00000| Untracked 
|  99|0x0000000747f00000, 0x0000000747f00000, 0x0000000748000000|  0%| F|  |TAMS 0x0000000747f00000, 0x0000000747f00000| Untracked 
| 100|0x0000000748000000, 0x0000000748000000, 0x0000000748100000|  0%| F|  |TAMS 0x0000000748000000, 0x0000000748000000| Untracked 
| 101|0x0000000748100000, 0x0000000748100000, 0x0000000748200000|  0%| F|  |TAMS 0x0000000748100000, 0x0000000748100000| Untracked 
| 102|0x0000000748200000, 0x0000000748200000, 0x0000000748300000|  0%| F|  |TAMS 0x0000000748200000, 0x0000000748200000| Untracked 
| 103|0x0000000748300000, 0x00000007483630d0, 0x0000000748400000| 38%| S|CS|TAMS 0x0000000748300000, 0x0000000748300000| Complete 
| 104|0x0000000748400000, 0x0000000748500000, 0x0000000748500000|100%| S|CS|TAMS 0x0000000748400000, 0x0000000748400000| Complete 
| 105|0x0000000748500000, 0x0000000748600000, 0x0000000748600000|100%| S|CS|TAMS 0x0000000748500000, 0x0000000748500000| Complete 
| 106|0x0000000748600000, 0x0000000748700000, 0x0000000748700000|100%| S|CS|TAMS 0x0000000748600000, 0x0000000748600000| Complete 
| 107|0x0000000748700000, 0x0000000748800000, 0x0000000748800000|100%| S|CS|TAMS 0x0000000748700000, 0x0000000748700000| Complete 
| 108|0x0000000748800000, 0x0000000748900000, 0x0000000748900000|100%| S|CS|TAMS 0x0000000748800000, 0x0000000748800000| Complete 
| 109|0x0000000748900000, 0x0000000748a00000, 0x0000000748a00000|100%| S|CS|TAMS 0x0000000748900000, 0x0000000748900000| Complete 
| 110|0x0000000748a00000, 0x0000000748b00000, 0x0000000748b00000|100%| S|CS|TAMS 0x0000000748a00000, 0x0000000748a00000| Complete 
| 111|0x0000000748b00000, 0x0000000748c00000, 0x0000000748c00000|100%| S|CS|TAMS 0x0000000748b00000, 0x0000000748b00000| Complete 
| 112|0x0000000748c00000, 0x0000000748c00000, 0x0000000748d00000|  0%| F|  |TAMS 0x0000000748c00000, 0x0000000748c00000| Untracked 
| 113|0x0000000748d00000, 0x0000000748d00000, 0x0000000748e00000|  0%| F|  |TAMS 0x0000000748d00000, 0x0000000748d00000| Untracked 
| 114|0x0000000748e00000, 0x0000000748e00000, 0x0000000748f00000|  0%| F|  |TAMS 0x0000000748e00000, 0x0000000748e00000| Untracked 
| 115|0x0000000748f00000, 0x0000000748f00000, 0x0000000749000000|  0%| F|  |TAMS 0x0000000748f00000, 0x0000000748f00000| Untracked 
| 116|0x0000000749000000, 0x0000000749000000, 0x0000000749100000|  0%| F|  |TAMS 0x0000000749000000, 0x0000000749000000| Untracked 
| 117|0x0000000749100000, 0x0000000749100000, 0x0000000749200000|  0%| F|  |TAMS 0x0000000749100000, 0x0000000749100000| Untracked 
| 118|0x0000000749200000, 0x0000000749200000, 0x0000000749300000|  0%| F|  |TAMS 0x0000000749200000, 0x0000000749200000| Untracked 
| 119|0x0000000749300000, 0x0000000749300000, 0x0000000749400000|  0%| F|  |TAMS 0x0000000749300000, 0x0000000749300000| Untracked 
| 120|0x0000000749400000, 0x0000000749400000, 0x0000000749500000|  0%| F|  |TAMS 0x0000000749400000, 0x0000000749400000| Untracked 
| 121|0x0000000749500000, 0x0000000749600000, 0x0000000749600000|100%| S|CS|TAMS 0x0000000749500000, 0x0000000749500000| Complete 
| 122|0x0000000749600000, 0x0000000749600000, 0x0000000749700000|  0%| F|  |TAMS 0x0000000749600000, 0x0000000749600000| Untracked 
| 123|0x0000000749700000, 0x0000000749700000, 0x0000000749800000|  0%| F|  |TAMS 0x0000000749700000, 0x0000000749700000| Untracked 
| 124|0x0000000749800000, 0x0000000749800000, 0x0000000749900000|  0%| F|  |TAMS 0x0000000749800000, 0x0000000749800000| Untracked 
| 125|0x0000000749900000, 0x0000000749900000, 0x0000000749a00000|  0%| F|  |TAMS 0x0000000749900000, 0x0000000749900000| Untracked 
| 126|0x0000000749a00000, 0x0000000749a00000, 0x0000000749b00000|  0%| F|  |TAMS 0x0000000749a00000, 0x0000000749a00000| Untracked 
| 127|0x0000000749b00000, 0x0000000749b00000, 0x0000000749c00000|  0%| F|  |TAMS 0x0000000749b00000, 0x0000000749b00000| Untracked 
| 128|0x0000000749c00000, 0x0000000749c00000, 0x0000000749d00000|  0%| F|  |TAMS 0x0000000749c00000, 0x0000000749c00000| Untracked 
| 129|0x0000000749d00000, 0x0000000749d00000, 0x0000000749e00000|  0%| F|  |TAMS 0x0000000749d00000, 0x0000000749d00000| Untracked 
| 130|0x0000000749e00000, 0x0000000749e00000, 0x0000000749f00000|  0%| F|  |TAMS 0x0000000749e00000, 0x0000000749e00000| Untracked 
| 131|0x0000000749f00000, 0x0000000749f00000, 0x000000074a000000|  0%| F|  |TAMS 0x0000000749f00000, 0x0000000749f00000| Untracked 
| 132|0x000000074a000000, 0x000000074a000000, 0x000000074a100000|  0%| F|  |TAMS 0x000000074a000000, 0x000000074a000000| Untracked 
| 133|0x000000074a100000, 0x000000074a100000, 0x000000074a200000|  0%| F|  |TAMS 0x000000074a100000, 0x000000074a100000| Untracked 
| 134|0x000000074a200000, 0x000000074a200000, 0x000000074a300000|  0%| F|  |TAMS 0x000000074a200000, 0x000000074a200000| Untracked 
| 135|0x000000074a300000, 0x000000074a300000, 0x000000074a400000|  0%| F|  |TAMS 0x000000074a300000, 0x000000074a300000| Untracked 
| 136|0x000000074a400000, 0x000000074a400000, 0x000000074a500000|  0%| F|  |TAMS 0x000000074a400000, 0x000000074a400000| Untracked 
| 137|0x000000074a500000, 0x000000074a500000, 0x000000074a600000|  0%| F|  |TAMS 0x000000074a500000, 0x000000074a500000| Untracked 
| 138|0x000000074a600000, 0x000000074a600000, 0x000000074a700000|  0%| F|  |TAMS 0x000000074a600000, 0x000000074a600000| Untracked 
| 139|0x000000074a700000, 0x000000074a700000, 0x000000074a800000|  0%| F|  |TAMS 0x000000074a700000, 0x000000074a700000| Untracked 
| 140|0x000000074a800000, 0x000000074a800000, 0x000000074a900000|  0%| F|  |TAMS 0x000000074a800000, 0x000000074a800000| Untracked 
| 141|0x000000074a900000, 0x000000074a900000, 0x000000074aa00000|  0%| F|  |TAMS 0x000000074a900000, 0x000000074a900000| Untracked 
| 142|0x000000074aa00000, 0x000000074aa00000, 0x000000074ab00000|  0%| F|  |TAMS 0x000000074aa00000, 0x000000074aa00000| Untracked 
| 143|0x000000074ab00000, 0x000000074ab00000, 0x000000074ac00000|  0%| F|  |TAMS 0x000000074ab00000, 0x000000074ab00000| Untracked 
| 144|0x000000074ac00000, 0x000000074ac00000, 0x000000074ad00000|  0%| F|  |TAMS 0x000000074ac00000, 0x000000074ac00000| Untracked 
| 145|0x000000074ad00000, 0x000000074ad00000, 0x000000074ae00000|  0%| F|  |TAMS 0x000000074ad00000, 0x000000074ad00000| Untracked 
| 146|0x000000074ae00000, 0x000000074ae00000, 0x000000074af00000|  0%| F|  |TAMS 0x000000074ae00000, 0x000000074ae00000| Untracked 
| 147|0x000000074af00000, 0x000000074af00000, 0x000000074b000000|  0%| F|  |TAMS 0x000000074af00000, 0x000000074af00000| Untracked 
| 148|0x000000074b000000, 0x000000074b000000, 0x000000074b100000|  0%| F|  |TAMS 0x000000074b000000, 0x000000074b000000| Untracked 
| 149|0x000000074b100000, 0x000000074b100000, 0x000000074b200000|  0%| F|  |TAMS 0x000000074b100000, 0x000000074b100000| Untracked 
| 150|0x000000074b200000, 0x000000074b200000, 0x000000074b300000|  0%| F|  |TAMS 0x000000074b200000, 0x000000074b200000| Untracked 
| 151|0x000000074b300000, 0x000000074b300000, 0x000000074b400000|  0%| F|  |TAMS 0x000000074b300000, 0x000000074b300000| Untracked 
| 152|0x000000074b400000, 0x000000074b400000, 0x000000074b500000|  0%| F|  |TAMS 0x000000074b400000, 0x000000074b400000| Untracked 
| 153|0x000000074b500000, 0x000000074b500000, 0x000000074b600000|  0%| F|  |TAMS 0x000000074b500000, 0x000000074b500000| Untracked 
| 154|0x000000074b600000, 0x000000074b600000, 0x000000074b700000|  0%| F|  |TAMS 0x000000074b600000, 0x000000074b600000| Untracked 
| 155|0x000000074b700000, 0x000000074b700000, 0x000000074b800000|  0%| F|  |TAMS 0x000000074b700000, 0x000000074b700000| Untracked 
| 156|0x000000074b800000, 0x000000074b800000, 0x000000074b900000|  0%| F|  |TAMS 0x000000074b800000, 0x000000074b800000| Untracked 
| 157|0x000000074b900000, 0x000000074b900000, 0x000000074ba00000|  0%| F|  |TAMS 0x000000074b900000, 0x000000074b900000| Untracked 
| 158|0x000000074ba00000, 0x000000074ba00000, 0x000000074bb00000|  0%| F|  |TAMS 0x000000074ba00000, 0x000000074ba00000| Untracked 
| 159|0x000000074bb00000, 0x000000074bb00000, 0x000000074bc00000|  0%| F|  |TAMS 0x000000074bb00000, 0x000000074bb00000| Untracked 
| 160|0x000000074bc00000, 0x000000074bc00000, 0x000000074bd00000|  0%| F|  |TAMS 0x000000074bc00000, 0x000000074bc00000| Untracked 
| 161|0x000000074bd00000, 0x000000074bd00000, 0x000000074be00000|  0%| F|  |TAMS 0x000000074bd00000, 0x000000074bd00000| Untracked 
| 162|0x000000074be00000, 0x000000074be00000, 0x000000074bf00000|  0%| F|  |TAMS 0x000000074be00000, 0x000000074be00000| Untracked 
| 163|0x000000074bf00000, 0x000000074bf00000, 0x000000074c000000|  0%| F|  |TAMS 0x000000074bf00000, 0x000000074bf00000| Untracked 
| 164|0x000000074c000000, 0x000000074c000000, 0x000000074c100000|  0%| F|  |TAMS 0x000000074c000000, 0x000000074c000000| Untracked 
| 165|0x000000074c100000, 0x000000074c100000, 0x000000074c200000|  0%| F|  |TAMS 0x000000074c100000, 0x000000074c100000| Untracked 
| 166|0x000000074c200000, 0x000000074c200000, 0x000000074c300000|  0%| F|  |TAMS 0x000000074c200000, 0x000000074c200000| Untracked 
| 167|0x000000074c300000, 0x000000074c300000, 0x000000074c400000|  0%| F|  |TAMS 0x000000074c300000, 0x000000074c300000| Untracked 
| 168|0x000000074c400000, 0x000000074c400000, 0x000000074c500000|  0%| F|  |TAMS 0x000000074c400000, 0x000000074c400000| Untracked 
| 169|0x000000074c500000, 0x000000074c500000, 0x000000074c600000|  0%| F|  |TAMS 0x000000074c500000, 0x000000074c500000| Untracked 
| 170|0x000000074c600000, 0x000000074c600000, 0x000000074c700000|  0%| F|  |TAMS 0x000000074c600000, 0x000000074c600000| Untracked 
| 171|0x000000074c700000, 0x000000074c700000, 0x000000074c800000|  0%| F|  |TAMS 0x000000074c700000, 0x000000074c700000| Untracked 
| 172|0x000000074c800000, 0x000000074c800000, 0x000000074c900000|  0%| F|  |TAMS 0x000000074c800000, 0x000000074c800000| Untracked 
| 173|0x000000074c900000, 0x000000074c900000, 0x000000074ca00000|  0%| F|  |TAMS 0x000000074c900000, 0x000000074c900000| Untracked 
| 174|0x000000074ca00000, 0x000000074ca00000, 0x000000074cb00000|  0%| F|  |TAMS 0x000000074ca00000, 0x000000074ca00000| Untracked 
| 175|0x000000074cb00000, 0x000000074cb00000, 0x000000074cc00000|  0%| F|  |TAMS 0x000000074cb00000, 0x000000074cb00000| Untracked 
| 176|0x000000074cc00000, 0x000000074cc00000, 0x000000074cd00000|  0%| F|  |TAMS 0x000000074cc00000, 0x000000074cc00000| Untracked 
| 177|0x000000074cd00000, 0x000000074cd00000, 0x000000074ce00000|  0%| F|  |TAMS 0x000000074cd00000, 0x000000074cd00000| Untracked 
| 178|0x000000074ce00000, 0x000000074ce00000, 0x000000074cf00000|  0%| F|  |TAMS 0x000000074ce00000, 0x000000074ce00000| Untracked 
| 179|0x000000074cf00000, 0x000000074cf00000, 0x000000074d000000|  0%| F|  |TAMS 0x000000074cf00000, 0x000000074cf00000| Untracked 
| 180|0x000000074d000000, 0x000000074d000000, 0x000000074d100000|  0%| F|  |TAMS 0x000000074d000000, 0x000000074d000000| Untracked 
| 181|0x000000074d100000, 0x000000074d100000, 0x000000074d200000|  0%| F|  |TAMS 0x000000074d100000, 0x000000074d100000| Untracked 
| 182|0x000000074d200000, 0x000000074d200000, 0x000000074d300000|  0%| F|  |TAMS 0x000000074d200000, 0x000000074d200000| Untracked 
| 183|0x000000074d300000, 0x000000074d300000, 0x000000074d400000|  0%| F|  |TAMS 0x000000074d300000, 0x000000074d300000| Untracked 
| 184|0x000000074d400000, 0x000000074d400000, 0x000000074d500000|  0%| F|  |TAMS 0x000000074d400000, 0x000000074d400000| Untracked 
| 185|0x000000074d500000, 0x000000074d500000, 0x000000074d600000|  0%| F|  |TAMS 0x000000074d500000, 0x000000074d500000| Untracked 
| 186|0x000000074d600000, 0x000000074d600000, 0x000000074d700000|  0%| F|  |TAMS 0x000000074d600000, 0x000000074d600000| Untracked 
| 187|0x000000074d700000, 0x000000074d700000, 0x000000074d800000|  0%| F|  |TAMS 0x000000074d700000, 0x000000074d700000| Untracked 
| 188|0x000000074d800000, 0x000000074d800000, 0x000000074d900000|  0%| F|  |TAMS 0x000000074d800000, 0x000000074d800000| Untracked 
| 189|0x000000074d900000, 0x000000074d900000, 0x000000074da00000|  0%| F|  |TAMS 0x000000074d900000, 0x000000074d900000| Untracked 
| 190|0x000000074da00000, 0x000000074da00000, 0x000000074db00000|  0%| F|  |TAMS 0x000000074da00000, 0x000000074da00000| Untracked 
| 191|0x000000074db00000, 0x000000074db00000, 0x000000074dc00000|  0%| F|  |TAMS 0x000000074db00000, 0x000000074db00000| Untracked 
| 192|0x000000074dc00000, 0x000000074dc00000, 0x000000074dd00000|  0%| F|  |TAMS 0x000000074dc00000, 0x000000074dc00000| Untracked 
| 193|0x000000074dd00000, 0x000000074dd00000, 0x000000074de00000|  0%| F|  |TAMS 0x000000074dd00000, 0x000000074dd00000| Untracked 
| 194|0x000000074de00000, 0x000000074de00000, 0x000000074df00000|  0%| F|  |TAMS 0x000000074de00000, 0x000000074de00000| Untracked 
| 195|0x000000074df00000, 0x000000074df00000, 0x000000074e000000|  0%| F|  |TAMS 0x000000074df00000, 0x000000074df00000| Untracked 
| 196|0x000000074e000000, 0x000000074e000000, 0x000000074e100000|  0%| F|  |TAMS 0x000000074e000000, 0x000000074e000000| Untracked 
| 197|0x000000074e100000, 0x000000074e100000, 0x000000074e200000|  0%| F|  |TAMS 0x000000074e100000, 0x000000074e100000| Untracked 
| 198|0x000000074e200000, 0x000000074e200000, 0x000000074e300000|  0%| F|  |TAMS 0x000000074e200000, 0x000000074e200000| Untracked 
| 199|0x000000074e300000, 0x000000074e300000, 0x000000074e400000|  0%| F|  |TAMS 0x000000074e300000, 0x000000074e300000| Untracked 
| 200|0x000000074e400000, 0x000000074e400000, 0x000000074e500000|  0%| F|  |TAMS 0x000000074e400000, 0x000000074e400000| Untracked 
| 201|0x000000074e500000, 0x000000074e500000, 0x000000074e600000|  0%| F|  |TAMS 0x000000074e500000, 0x000000074e500000| Untracked 
| 202|0x000000074e600000, 0x000000074e600000, 0x000000074e700000|  0%| F|  |TAMS 0x000000074e600000, 0x000000074e600000| Untracked 
| 203|0x000000074e700000, 0x000000074e700000, 0x000000074e800000|  0%| F|  |TAMS 0x000000074e700000, 0x000000074e700000| Untracked 
| 204|0x000000074e800000, 0x000000074e800000, 0x000000074e900000|  0%| F|  |TAMS 0x000000074e800000, 0x000000074e800000| Untracked 
| 205|0x000000074e900000, 0x000000074e900000, 0x000000074ea00000|  0%| F|  |TAMS 0x000000074e900000, 0x000000074e900000| Untracked 
| 206|0x000000074ea00000, 0x000000074ea00000, 0x000000074eb00000|  0%| F|  |TAMS 0x000000074ea00000, 0x000000074ea00000| Untracked 
| 207|0x000000074eb00000, 0x000000074eb00000, 0x000000074ec00000|  0%| F|  |TAMS 0x000000074eb00000, 0x000000074eb00000| Untracked 
| 208|0x000000074ec00000, 0x000000074ec00000, 0x000000074ed00000|  0%| F|  |TAMS 0x000000074ec00000, 0x000000074ec00000| Untracked 
| 209|0x000000074ed00000, 0x000000074ed00000, 0x000000074ee00000|  0%| F|  |TAMS 0x000000074ed00000, 0x000000074ed00000| Untracked 
| 210|0x000000074ee00000, 0x000000074ee00000, 0x000000074ef00000|  0%| F|  |TAMS 0x000000074ee00000, 0x000000074ee00000| Untracked 
| 211|0x000000074ef00000, 0x000000074ef00000, 0x000000074f000000|  0%| F|  |TAMS 0x000000074ef00000, 0x000000074ef00000| Untracked 
| 212|0x000000074f000000, 0x000000074f000000, 0x000000074f100000|  0%| F|  |TAMS 0x000000074f000000, 0x000000074f000000| Untracked 
| 213|0x000000074f100000, 0x000000074f100000, 0x000000074f200000|  0%| F|  |TAMS 0x000000074f100000, 0x000000074f100000| Untracked 
| 214|0x000000074f200000, 0x000000074f200000, 0x000000074f300000|  0%| F|  |TAMS 0x000000074f200000, 0x000000074f200000| Untracked 
| 215|0x000000074f300000, 0x000000074f300000, 0x000000074f400000|  0%| F|  |TAMS 0x000000074f300000, 0x000000074f300000| Untracked 
| 216|0x000000074f400000, 0x000000074f400000, 0x000000074f500000|  0%| F|  |TAMS 0x000000074f400000, 0x000000074f400000| Untracked 
| 217|0x000000074f500000, 0x000000074f500000, 0x000000074f600000|  0%| F|  |TAMS 0x000000074f500000, 0x000000074f500000| Untracked 
| 218|0x000000074f600000, 0x000000074f600000, 0x000000074f700000|  0%| F|  |TAMS 0x000000074f600000, 0x000000074f600000| Untracked 
| 219|0x000000074f700000, 0x000000074f700000, 0x000000074f800000|  0%| F|  |TAMS 0x000000074f700000, 0x000000074f700000| Untracked 
| 220|0x000000074f800000, 0x000000074f800000, 0x000000074f900000|  0%| F|  |TAMS 0x000000074f800000, 0x000000074f800000| Untracked 
| 221|0x000000074f900000, 0x000000074f900000, 0x000000074fa00000|  0%| F|  |TAMS 0x000000074f900000, 0x000000074f900000| Untracked 
| 222|0x000000074fa00000, 0x000000074fa00000, 0x000000074fb00000|  0%| F|  |TAMS 0x000000074fa00000, 0x000000074fa00000| Untracked 
| 223|0x000000074fb00000, 0x000000074fb00000, 0x000000074fc00000|  0%| F|  |TAMS 0x000000074fb00000, 0x000000074fb00000| Untracked 
| 224|0x000000074fc00000, 0x000000074fc00000, 0x000000074fd00000|  0%| F|  |TAMS 0x000000074fc00000, 0x000000074fc00000| Untracked 
| 225|0x000000074fd00000, 0x000000074fd00000, 0x000000074fe00000|  0%| F|  |TAMS 0x000000074fd00000, 0x000000074fd00000| Untracked 
| 226|0x000000074fe00000, 0x000000074fe00000, 0x000000074ff00000|  0%| F|  |TAMS 0x000000074fe00000, 0x000000074fe00000| Untracked 
| 227|0x000000074ff00000, 0x000000074ff00000, 0x0000000750000000|  0%| F|  |TAMS 0x000000074ff00000, 0x000000074ff00000| Untracked 
| 228|0x0000000750000000, 0x0000000750000000, 0x0000000750100000|  0%| F|  |TAMS 0x0000000750000000, 0x0000000750000000| Untracked 
| 229|0x0000000750100000, 0x0000000750100000, 0x0000000750200000|  0%| F|  |TAMS 0x0000000750100000, 0x0000000750100000| Untracked 
| 230|0x0000000750200000, 0x0000000750200000, 0x0000000750300000|  0%| F|  |TAMS 0x0000000750200000, 0x0000000750200000| Untracked 
| 231|0x0000000750300000, 0x0000000750300000, 0x0000000750400000|  0%| F|  |TAMS 0x0000000750300000, 0x0000000750300000| Untracked 
| 232|0x0000000750400000, 0x0000000750400000, 0x0000000750500000|  0%| F|  |TAMS 0x0000000750400000, 0x0000000750400000| Untracked 
| 233|0x0000000750500000, 0x0000000750500000, 0x0000000750600000|  0%| F|  |TAMS 0x0000000750500000, 0x0000000750500000| Untracked 
| 234|0x0000000750600000, 0x0000000750600000, 0x0000000750700000|  0%| F|  |TAMS 0x0000000750600000, 0x0000000750600000| Untracked 
| 235|0x0000000750700000, 0x0000000750700000, 0x0000000750800000|  0%| F|  |TAMS 0x0000000750700000, 0x0000000750700000| Untracked 
| 236|0x0000000750800000, 0x0000000750800000, 0x0000000750900000|  0%| F|  |TAMS 0x0000000750800000, 0x0000000750800000| Untracked 
| 237|0x0000000750900000, 0x0000000750900000, 0x0000000750a00000|  0%| F|  |TAMS 0x0000000750900000, 0x0000000750900000| Untracked 
| 238|0x0000000750a00000, 0x0000000750a00000, 0x0000000750b00000|  0%| F|  |TAMS 0x0000000750a00000, 0x0000000750a00000| Untracked 
| 239|0x0000000750b00000, 0x0000000750b00000, 0x0000000750c00000|  0%| F|  |TAMS 0x0000000750b00000, 0x0000000750b00000| Untracked 
| 240|0x0000000750c00000, 0x0000000750c00000, 0x0000000750d00000|  0%| F|  |TAMS 0x0000000750c00000, 0x0000000750c00000| Untracked 
| 241|0x0000000750d00000, 0x0000000750e00000, 0x0000000750e00000|100%| E|  |TAMS 0x0000000750d00000, 0x0000000750d00000| Complete 
| 242|0x0000000750e00000, 0x0000000750f00000, 0x0000000750f00000|100%| E|CS|TAMS 0x0000000750e00000, 0x0000000750e00000| Complete 
| 243|0x0000000750f00000, 0x0000000751000000, 0x0000000751000000|100%| E|CS|TAMS 0x0000000750f00000, 0x0000000750f00000| Complete 
| 244|0x0000000751000000, 0x0000000751100000, 0x0000000751100000|100%| E|CS|TAMS 0x0000000751000000, 0x0000000751000000| Complete 
| 245|0x0000000751100000, 0x0000000751200000, 0x0000000751200000|100%| E|CS|TAMS 0x0000000751100000, 0x0000000751100000| Complete 
| 246|0x0000000751200000, 0x0000000751300000, 0x0000000751300000|100%| E|CS|TAMS 0x0000000751200000, 0x0000000751200000| Complete 
| 247|0x0000000751300000, 0x0000000751400000, 0x0000000751400000|100%| E|CS|TAMS 0x0000000751300000, 0x0000000751300000| Complete 
| 248|0x0000000751400000, 0x0000000751500000, 0x0000000751500000|100%| E|CS|TAMS 0x0000000751400000, 0x0000000751400000| Complete 
| 249|0x0000000751500000, 0x0000000751600000, 0x0000000751600000|100%| E|CS|TAMS 0x0000000751500000, 0x0000000751500000| Complete 
| 250|0x0000000751600000, 0x0000000751700000, 0x0000000751700000|100%| E|CS|TAMS 0x0000000751600000, 0x0000000751600000| Complete 
| 251|0x0000000751700000, 0x0000000751800000, 0x0000000751800000|100%| E|CS|TAMS 0x0000000751700000, 0x0000000751700000| Complete 
| 252|0x0000000751800000, 0x0000000751900000, 0x0000000751900000|100%| E|CS|TAMS 0x0000000751800000, 0x0000000751800000| Complete 
| 253|0x0000000751900000, 0x0000000751a00000, 0x0000000751a00000|100%| E|CS|TAMS 0x0000000751900000, 0x0000000751900000| Complete 
| 254|0x0000000751a00000, 0x0000000751b00000, 0x0000000751b00000|100%| E|CS|TAMS 0x0000000751a00000, 0x0000000751a00000| Complete 
| 255|0x0000000751b00000, 0x0000000751c00000, 0x0000000751c00000|100%| E|CS|TAMS 0x0000000751b00000, 0x0000000751b00000| Complete 
| 256|0x0000000751c00000, 0x0000000751d00000, 0x0000000751d00000|100%| E|CS|TAMS 0x0000000751c00000, 0x0000000751c00000| Complete 
| 257|0x0000000751d00000, 0x0000000751e00000, 0x0000000751e00000|100%| E|CS|TAMS 0x0000000751d00000, 0x0000000751d00000| Complete 
| 258|0x0000000751e00000, 0x0000000751f00000, 0x0000000751f00000|100%| E|CS|TAMS 0x0000000751e00000, 0x0000000751e00000| Complete 
| 259|0x0000000751f00000, 0x0000000752000000, 0x0000000752000000|100%| E|CS|TAMS 0x0000000751f00000, 0x0000000751f00000| Complete 
| 260|0x0000000752000000, 0x0000000752100000, 0x0000000752100000|100%| E|CS|TAMS 0x0000000752000000, 0x0000000752000000| Complete 
| 261|0x0000000752100000, 0x0000000752200000, 0x0000000752200000|100%| E|CS|TAMS 0x0000000752100000, 0x0000000752100000| Complete 
| 262|0x0000000752200000, 0x0000000752300000, 0x0000000752300000|100%| E|CS|TAMS 0x0000000752200000, 0x0000000752200000| Complete 
| 263|0x0000000752300000, 0x0000000752400000, 0x0000000752400000|100%| E|CS|TAMS 0x0000000752300000, 0x0000000752300000| Complete 
| 264|0x0000000752400000, 0x0000000752500000, 0x0000000752500000|100%| E|CS|TAMS 0x0000000752400000, 0x0000000752400000| Complete 
| 265|0x0000000752500000, 0x0000000752600000, 0x0000000752600000|100%| E|CS|TAMS 0x0000000752500000, 0x0000000752500000| Complete 
| 266|0x0000000752600000, 0x0000000752700000, 0x0000000752700000|100%| E|CS|TAMS 0x0000000752600000, 0x0000000752600000| Complete 
| 267|0x0000000752700000, 0x0000000752800000, 0x0000000752800000|100%| E|CS|TAMS 0x0000000752700000, 0x0000000752700000| Complete 
| 268|0x0000000752800000, 0x0000000752900000, 0x0000000752900000|100%| E|CS|TAMS 0x0000000752800000, 0x0000000752800000| Complete 
| 269|0x0000000752900000, 0x0000000752a00000, 0x0000000752a00000|100%| E|CS|TAMS 0x0000000752900000, 0x0000000752900000| Complete 
| 270|0x0000000752a00000, 0x0000000752b00000, 0x0000000752b00000|100%| E|CS|TAMS 0x0000000752a00000, 0x0000000752a00000| Complete 
| 271|0x0000000752b00000, 0x0000000752c00000, 0x0000000752c00000|100%| E|CS|TAMS 0x0000000752b00000, 0x0000000752b00000| Complete 
| 272|0x0000000752c00000, 0x0000000752d00000, 0x0000000752d00000|100%| E|CS|TAMS 0x0000000752c00000, 0x0000000752c00000| Complete 
| 273|0x0000000752d00000, 0x0000000752e00000, 0x0000000752e00000|100%| E|CS|TAMS 0x0000000752d00000, 0x0000000752d00000| Complete 
| 274|0x0000000752e00000, 0x0000000752f00000, 0x0000000752f00000|100%| E|CS|TAMS 0x0000000752e00000, 0x0000000752e00000| Complete 
| 275|0x0000000752f00000, 0x0000000753000000, 0x0000000753000000|100%| E|CS|TAMS 0x0000000752f00000, 0x0000000752f00000| Complete 
| 276|0x0000000753000000, 0x0000000753100000, 0x0000000753100000|100%| E|CS|TAMS 0x0000000753000000, 0x0000000753000000| Complete 
| 277|0x0000000753100000, 0x0000000753200000, 0x0000000753200000|100%| E|CS|TAMS 0x0000000753100000, 0x0000000753100000| Complete 

Card table byte_map: [0x000000001aa70000,0x000000001b070000] _byte_map_base: 0x0000000017062000

Marking Bits (Prev, Next): (CMBitMap*) 0x00000000030b27f0, (CMBitMap*) 0x00000000030b27b8
 Prev Bits: [0x000000001e600000, 0x0000000021590000)
 Next Bits: [0x000000001b670000, 0x000000001e600000)

Polling page: 0x00000000001a0000

Metaspace:

Usage:
  Non-class:     49.73 MB capacity,    48.09 MB ( 97%) used,     1.29 MB (  3%) free+waste,   358.00 KB ( <1%) overhead. 
      Class:      8.61 MB capacity,     7.37 MB ( 86%) used,     1.07 MB ( 12%) free+waste,   172.88 KB (  2%) overhead. 
       Both:     58.33 MB capacity,    55.46 MB ( 95%) used,     2.36 MB (  4%) free+waste,   530.88 KB ( <1%) overhead. 

Virtual space:
  Non-class space:       50.00 MB reserved,      49.92 MB (>99%) committed 
      Class space:        1.00 GB reserved,       8.63 MB ( <1%) committed 
             Both:        1.05 GB reserved,      58.54 MB (  5%) committed 

Chunk freelists:
   Non-Class:  128 bytes
       Class:  2.50 KB
        Both:  2.63 KB

CodeHeap 'non-profiled nmethods': size=120064Kb used=7705Kb max_used=7705Kb free=112358Kb
 bounds [0x0000000012e20000, 0x00000000135b0000, 0x000000001a360000]
CodeHeap 'profiled nmethods': size=120000Kb used=22809Kb max_used=22809Kb free=97190Kb
 bounds [0x000000000b8f0000, 0x000000000cf40000, 0x0000000012e20000]
CodeHeap 'non-nmethods': size=5696Kb used=1544Kb max_used=1629Kb free=4151Kb
 bounds [0x000000000b360000, 0x000000000b5d0000, 0x000000000b8f0000]
 total_blobs=15419 nmethods=10675 adapters=961
 compilation: enabled
              stopped_count=0, restarted_count=0
 full_count=0

Compilation events (10 events):
Event: 8047.093 Thread 0x0000000024c1b800 11171       3       com.sun.javafx.sg.prism.NGRegion::renderBackgroundRectangleFromCache (621 bytes)
Event: 8047.107 Thread 0x0000000024c1b800 nmethod 11171 0x000000000cf37090 code [0x000000000cf37340, 0x000000000cf37e80]
Event: 8047.128 Thread 0x0000000024c17800 nmethod 11170 0x00000000135a5890 code [0x00000000135a5ae0, 0x00000000135a5fd8]
Event: 8047.128 Thread 0x0000000024c17800 11172       4       com.sun.marlin.DRenderer::lineTo (41 bytes)
Event: 8047.130 Thread 0x0000000024c17800 nmethod 11172 0x00000000135a6290 code [0x00000000135a6460, 0x00000000135a6548]
Event: 8048.778 Thread 0x0000000024c1b800 11173       3       java.lang.Throwable::<init> (29 bytes)
Event: 8048.843 Thread 0x0000000024c1b800 nmethod 11173 0x000000000cf38110 code [0x000000000cf382e0, 0x000000000cf386b0]
Event: 8049.399 Thread 0x0000000024c1b800 11174   !   3       com.sun.javafx.tk.quantum.PaintCollector::renderAll (381 bytes)
Event: 8049.415 Thread 0x0000000024c1b800 nmethod 11174 0x000000000cf38790 code [0x000000000cf38ac0, 0x000000000cf3a190]
Event: 8129.879 Thread 0x0000000024c17800 11175   !   4       com.sun.javafx.tk.quantum.PaintCollector::renderAll (381 bytes)

GC Heap History (10 events):
Event: 1135.143 GC heap before
{Heap before GC invocations=16 (full 0):
 garbage-first heap   total 284672K, used 209661K [0x0000000741c00000, 0x0000000800000000)
  region size 1024K, 166 young (169984K), 10 survivors (10240K)
 Metaspace       used 56787K, capacity 59735K, committed 59948K, reserved 1099776K
  class space    used 7544K, capacity 8812K, committed 8832K, reserved 1048576K
}
Event: 1135.154 GC heap after
{Heap after GC invocations=17 (full 0):
 garbage-first heap   total 284672K, used 49612K [0x0000000741c00000, 0x0000000800000000)
  region size 1024K, 10 young (10240K), 10 survivors (10240K)
 Metaspace       used 56787K, capacity 59735K, committed 59948K, reserved 1099776K
  class space    used 7544K, capacity 8812K, committed 8832K, reserved 1048576K
}
Event: 2777.911 GC heap before
{Heap before GC invocations=17 (full 0):
 garbage-first heap   total 284672K, used 209356K [0x0000000741c00000, 0x0000000800000000)
  region size 1024K, 166 young (169984K), 10 survivors (10240K)
 Metaspace       used 56787K, capacity 59735K, committed 59948K, reserved 1099776K
  class space    used 7544K, capacity 8812K, committed 8832K, reserved 1048576K
}
Event: 2777.920 GC heap after
{Heap after GC invocations=18 (full 0):
 garbage-first heap   total 284672K, used 49261K [0x0000000741c00000, 0x0000000800000000)
  region size 1024K, 9 young (9216K), 9 survivors (9216K)
 Metaspace       used 56787K, capacity 59735K, committed 59948K, reserved 1099776K
  class space    used 7544K, capacity 8812K, committed 8832K, reserved 1048576K
}
Event: 4434.551 GC heap before
{Heap before GC invocations=18 (full 0):
 garbage-first heap   total 284672K, used 210029K [0x0000000741c00000, 0x0000000800000000)
  region size 1024K, 166 young (169984K), 9 survivors (9216K)
 Metaspace       used 56787K, capacity 59735K, committed 59948K, reserved 1099776K
  class space    used 7544K, capacity 8812K, committed 8832K, reserved 1048576K
}
Event: 4434.564 GC heap after
{Heap after GC invocations=19 (full 0):
 garbage-first heap   total 284672K, used 49261K [0x0000000741c00000, 0x0000000800000000)
  region size 1024K, 9 young (9216K), 9 survivors (9216K)
 Metaspace       used 56787K, capacity 59735K, committed 59948K, reserved 1099776K
  class space    used 7544K, capacity 8812K, committed 8832K, reserved 1048576K
}
Event: 6101.047 GC heap before
{Heap before GC invocations=19 (full 0):
 garbage-first heap   total 284672K, used 210029K [0x0000000741c00000, 0x0000000800000000)
  region size 1024K, 166 young (169984K), 9 survivors (9216K)
 Metaspace       used 56788K, capacity 59735K, committed 59948K, reserved 1099776K
  class space    used 7544K, capacity 8812K, committed 8832K, reserved 1048576K
}
Event: 6101.058 GC heap after
{Heap after GC invocations=20 (full 0):
 garbage-first heap   total 284672K, used 49310K [0x0000000741c00000, 0x0000000800000000)
  region size 1024K, 10 young (10240K), 10 survivors (10240K)
 Metaspace       used 56788K, capacity 59735K, committed 59948K, reserved 1099776K
  class space    used 7544K, capacity 8812K, committed 8832K, reserved 1048576K
}
Event: 7746.872 GC heap before
{Heap before GC invocations=20 (full 0):
 garbage-first heap   total 284672K, used 209054K [0x0000000741c00000, 0x0000000800000000)
  region size 1024K, 166 young (169984K), 10 survivors (10240K)
 Metaspace       used 56788K, capacity 59735K, committed 59948K, reserved 1099776K
  class space    used 7544K, capacity 8812K, committed 8832K, reserved 1048576K
}
Event: 7746.883 GC heap after
{Heap after GC invocations=21 (full 0):
 garbage-first heap   total 284672K, used 49657K [0x0000000741c00000, 0x0000000800000000)
  region size 1024K, 10 young (10240K), 10 survivors (10240K)
 Metaspace       used 56788K, capacity 59735K, committed 59948K, reserved 1099776K
  class space    used 7544K, capacity 8812K, committed 8832K, reserved 1048576K
}

Deoptimization events (10 events):
Event: 353.393 Thread 0x00000000268c9000 Uncommon trap: reason=unstable_if action=reinterpret pc=0x000000001353cfac method=javafx.scene.Parent.scenesChanged(Ljavafx/scene/Scene;Ljavafx/scene/SubScene;Ljavafx/scene/Scene;Ljavafx/scene/SubScene;)V @ 152 c2
Event: 353.393 Thread 0x00000000268c9000 Uncommon trap: reason=unstable_if action=reinterpret pc=0x000000001353cfac method=javafx.scene.Parent.scenesChanged(Ljavafx/scene/Scene;Ljavafx/scene/SubScene;Ljavafx/scene/Scene;Ljavafx/scene/SubScene;)V @ 152 c2
Event: 353.393 Thread 0x00000000268c9000 Uncommon trap: reason=unstable_if action=reinterpret pc=0x000000001353cfac method=javafx.scene.Parent.scenesChanged(Ljavafx/scene/Scene;Ljavafx/scene/SubScene;Ljavafx/scene/Scene;Ljavafx/scene/SubScene;)V @ 152 c2
Event: 353.393 Thread 0x00000000268c9000 Uncommon trap: reason=unstable_if action=reinterpret pc=0x000000001353cfac method=javafx.scene.Parent.scenesChanged(Ljavafx/scene/Scene;Ljavafx/scene/SubScene;Ljavafx/scene/Scene;Ljavafx/scene/SubScene;)V @ 152 c2
Event: 946.200 Thread 0x0000000026a05800 Uncommon trap: reason=unstable_if action=reinterpret pc=0x000000001322720c method=com.sun.javafx.sg.prism.NGNode.doRender(Lcom/sun/prism/Graphics;)V @ 255 c2
Event: 946.203 Thread 0x0000000026a05800 Uncommon trap: reason=unstable_if action=reinterpret pc=0x00000000134c437c method=com.sun.marlin.DRenderer._endRendering(IILcom/sun/marlin/MarlinAlphaConsumer;)V @ 2049 c2
Event: 946.203 Thread 0x0000000026a05800 Uncommon trap: reason=unstable_if action=reinterpret pc=0x00000000133d2998 method=com.sun.marlin.DRenderer._endRendering(IILcom/sun/marlin/MarlinAlphaConsumer;)V @ 2049 c2
Event: 946.205 Thread 0x0000000026a05800 Uncommon trap: reason=unstable_if action=reinterpret pc=0x00000000134df388 method=com.sun.javafx.sg.prism.NGRegion.renderBackgroundRectangleFromCache(Lcom/sun/prism/Graphics;Lcom/sun/prism/RTTexture;Lcom/sun/javafx/geom/Rectangle;IIDDDDIIII)V @ 218 c2
Event: 946.205 Thread 0x0000000026a05800 Uncommon trap: reason=unstable_if action=reinterpret pc=0x00000000135821e4 method=com.sun.scenario.effect.impl.state.BoxRenderState.validateWeights()V @ 147 c2
Event: 8047.088 Thread 0x00000000268c9000 Uncommon trap: reason=unstable_if action=reinterpret pc=0x0000000013409018 method=com.sun.javafx.tk.quantum.PaintCollector.renderAll()V @ 326 c2

Classes redefined (0 events):
No events

Internal exceptions (10 events):
Event: 16.971 Thread 0x00000000268c9000 Exception <a 'java/lang/NoSuchMethodError'{0x000000074acd3548}: java.lang.invoke.DirectMethodHandle$Holder.invokeSpecial(Ljava/lang/Object;Ljava/lang/Object;IIII)Ljava/lang/Object;> (0x000000074acd3548) thrown at [t:/workspace/open/src/hotspot/share/inter
Event: 16.971 Thread 0x00000000268c9000 Exception <a 'java/lang/NoSuchMethodError'{0x000000074acd6458}: java.lang.invoke.Invokers$Holder.linkToTargetMethod(IIIILjava/lang/Object;)Ljava/lang/Object;> (0x000000074acd6458) thrown at [t:/workspace/open/src/hotspot/share/interpreter/linkResolver.cpp
Event: 16.981 Thread 0x00000000268c9000 Exception <a 'java/lang/IncompatibleClassChangeError'{0x000000074aceda08}: Found class java.lang.Object, but interface was expected> (0x000000074aceda08) thrown at [t:/workspace/open/src/hotspot/share/interpreter/linkResolver.cpp, line 838]
Event: 17.019 Thread 0x00000000268c9000 Exception <a 'java/lang/NoSuchMethodError'{0x000000074abebbb0}: java.lang.invoke.DirectMethodHandle$Holder.invokeStatic(Ljava/lang/Object;IILjava/lang/Object;)Ljava/lang/Object;> (0x000000074abebbb0) thrown at [t:/workspace/open/src/hotspot/share/interpre
Event: 17.436 Thread 0x00000000268c9000 Implicit null exception at 0x0000000013134266 to 0x0000000013136a12
Event: 17.857 Thread 0x00000000268c9000 Exception <a 'java/lang/IncompatibleClassChangeError'{0x00000007521bbf10}: Found class java.lang.Object, but interface was expected> (0x00000007521bbf10) thrown at [t:/workspace/open/src/hotspot/share/interpreter/linkResolver.cpp, line 838]
Event: 19.922 Thread 0x00000000268c9000 Exception <a 'java/lang/NoSuchMethodError'{0x0000000751fd4be0}: java.lang.invoke.DirectMethodHandle$Holder.invokeSpecial(Ljava/lang/Object;Ljava/lang/Object;IIIIILjava/lang/Object;)Ljava/lang/Object;> (0x0000000751fd4be0) thrown at [t:/workspace/open/src/
Event: 19.923 Thread 0x00000000268c9000 Exception <a 'java/lang/NoSuchMethodError'{0x0000000751fdb890}: java.lang.invoke.DirectMethodHandle$Holder.invokeStatic(Ljava/lang/Object;Ljava/lang/Object;IIIIILjava/lang/Object;)Ljava/lang/Object;> (0x0000000751fdb890) thrown at [t:/workspace/open/src/h
Event: 24.514 Thread 0x00000000268c9000 Implicit null exception at 0x0000000012eedcb7 to 0x0000000012eedd8a
Event: 198.231 Thread 0x00000000268c9000 Implicit null exception at 0x00000000134372c8 to 0x00000000134387e2

Events (10 events):
Event: 4434.565 Executing VM operation: G1CollectForAllocation done
Event: 6101.047 Executing VM operation: G1CollectForAllocation
Event: 6101.058 Executing VM operation: G1CollectForAllocation done
Event: 7746.871 Executing VM operation: G1CollectForAllocation
Event: 7746.883 Executing VM operation: G1CollectForAllocation done
Event: 8047.088 Thread 0x00000000268c9000 Uncommon trap: trap_request=0xffffff4d fr.pc=0x0000000013409018 relative=0x0000000000001af8
Event: 8047.088 Thread 0x00000000268c9000 DEOPT PACKING pc=0x0000000013409018 sp=0x0000000027c4ea10
Event: 8047.089 Thread 0x00000000268c9000 DEOPT UNPACKING pc=0x000000000b3891af sp=0x0000000027c4e9e0 mode 2
Event: 8047.097 Thread 0x0000000026a05800 DEOPT PACKING pc=0x000000000cf2c6fd sp=0x000000002744c4c0
Event: 8047.098 Thread 0x0000000026a05800 DEOPT UNPACKING pc=0x000000000b388fce sp=0x000000002744b8d8 mode 0


Dynamic libraries:
0x0000000000400000 - 0x00000000004d5000 	C:\Program Files\Greenfoot\Greenfoot.exe
0x00007ff9db600000 - 0x00007ff9db7f0000 	C:\Windows\SYSTEM32\ntdll.dll
0x00007ff9da060000 - 0x00007ff9da112000 	C:\Windows\System32\KERNEL32.DLL
0x00007ff9d8590000 - 0x00007ff9d8833000 	C:\Windows\System32\KERNELBASE.dll
0x00007ff9daf00000 - 0x00007ff9daf9e000 	C:\Windows\System32\msvcrt.dll
0x00007ff9d9860000 - 0x00007ff9d9f45000 	C:\Windows\System32\SHELL32.dll
0x00007ff9d8840000 - 0x00007ff9d893a000 	C:\Windows\System32\ucrtbase.dll
0x00007ff9d9630000 - 0x00007ff9d967a000 	C:\Windows\System32\cfgmgr32.dll
0x00007ff9dab40000 - 0x00007ff9dabe9000 	C:\Windows\System32\shcore.dll
0x00007ff9db4a0000 - 0x00007ff9db5c0000 	C:\Windows\System32\RPCRT4.dll
0x00007ff9da6c0000 - 0x00007ff9da9f6000 	C:\Windows\System32\combase.dll
0x00007ff9d8a90000 - 0x00007ff9d8b10000 	C:\Windows\System32\bcryptPrimitives.dll
0x00007ff9d8e80000 - 0x00007ff9d9600000 	C:\Windows\System32\windows.storage.dll
0x00007ff9d8940000 - 0x00007ff9d89de000 	C:\Windows\System32\msvcp_win.dll
0x00007ff9dad60000 - 0x00007ff9dadf7000 	C:\Windows\System32\sechost.dll
0x00007ff9d9f50000 - 0x00007ff9d9ff3000 	C:\Windows\System32\advapi32.dll
0x00007ff9d84f0000 - 0x00007ff9d8513000 	C:\Windows\System32\profapi.dll
0x00007ff9d8540000 - 0x00007ff9d858a000 	C:\Windows\System32\powrprof.dll
0x00007ff9d84c0000 - 0x00007ff9d84d0000 	C:\Windows\System32\UMPDC.dll
0x00007ff9da190000 - 0x00007ff9da1e2000 	C:\Windows\System32\shlwapi.dll
0x00007ff9dafa0000 - 0x00007ff9dafc6000 	C:\Windows\System32\GDI32.dll
0x00007ff9d9680000 - 0x00007ff9d96a1000 	C:\Windows\System32\win32u.dll
0x00007ff9d8b10000 - 0x00007ff9d8ca4000 	C:\Windows\System32\gdi32full.dll
0x00007ff9da360000 - 0x00007ff9da4f4000 	C:\Windows\System32\USER32.dll
0x00007ff9d8520000 - 0x00007ff9d8531000 	C:\Windows\System32\kernel.appcore.dll
0x00007ff9d8e60000 - 0x00007ff9d8e77000 	C:\Windows\System32\cryptsp.dll
0x00007ff9cf810000 - 0x00007ff9cf81a000 	C:\Windows\SYSTEM32\VERSION.dll
0x00007ff9daec0000 - 0x00007ff9daeee000 	C:\Windows\System32\IMM32.DLL
0x00007ff982690000 - 0x00007ff9831b3000 	C:\Program Files\Greenfoot\jdk\bin\server\jvm.dll
0x00007ff9da1f0000 - 0x00007ff9da1f8000 	C:\Windows\System32\PSAPI.DLL
0x00007ff9d6fb0000 - 0x00007ff9d6fb9000 	C:\Windows\SYSTEM32\WSOCK32.dll
0x00007ff9da120000 - 0x00007ff9da18f000 	C:\Windows\System32\WS2_32.dll
0x00007ff9cea50000 - 0x00007ff9cea74000 	C:\Windows\SYSTEM32\WINMM.dll
0x00007ff9d4620000 - 0x00007ff9d4636000 	C:\Program Files\Greenfoot\jdk\bin\VCRUNTIME140.dll
0x00007ff9cea20000 - 0x00007ff9cea4d000 	C:\Windows\SYSTEM32\winmmbase.dll
0x00007ff9cd820000 - 0x00007ff9cd831000 	C:\Program Files\Greenfoot\jdk\bin\verify.dll
0x00007ff9d6d90000 - 0x00007ff9d6f84000 	C:\Windows\SYSTEM32\DBGHELP.DLL
0x00007ff9c2870000 - 0x00007ff9c289a000 	C:\Windows\SYSTEM32\dbgcore.DLL
0x00007ff9bc510000 - 0x00007ff9bc538000 	C:\Program Files\Greenfoot\jdk\bin\java.dll
0x00007ff9c38b0000 - 0x00007ff9c38c6000 	C:\Program Files\Greenfoot\jdk\bin\zip.dll
0x00007ff9d0ba0000 - 0x00007ff9d0baa000 	C:\Program Files\Greenfoot\jdk\bin\jimage.dll
0x00007ff9c37e0000 - 0x00007ff9c37f9000 	C:\Program Files\Greenfoot\jdk\bin\net.dll
0x00007ff9c7700000 - 0x00007ff9c78d5000 	C:\Windows\SYSTEM32\urlmon.dll
0x00007ff9cf2c0000 - 0x00007ff9cf3b1000 	C:\Windows\SYSTEM32\WINHTTP.dll
0x00007ff9c8aa0000 - 0x00007ff9c8d46000 	C:\Windows\SYSTEM32\iertutil.dll
0x00007ff9d7f00000 - 0x00007ff9d7f0c000 	C:\Windows\SYSTEM32\CRYPTBASE.DLL
0x00007ff9d7d30000 - 0x00007ff9d7d97000 	C:\Windows\system32\mswsock.dll
0x00007ff9beed0000 - 0x00007ff9beee3000 	C:\Program Files\Greenfoot\jdk\bin\nio.dll
0x0000000180000000 - 0x0000000180003000 	C:\Program Files\Greenfoot\lib\javafx\bin\api-ms-win-core-console-l1-1-0.dll
0x00000000001e0000 - 0x00000000001e3000 	C:\Program Files\Greenfoot\lib\javafx\bin\api-ms-win-core-datetime-l1-1-0.dll
0x00000000001f0000 - 0x00000000001f3000 	C:\Program Files\Greenfoot\lib\javafx\bin\api-ms-win-core-debug-l1-1-0.dll
0x00000000007e0000 - 0x00000000007e3000 	C:\Program Files\Greenfoot\lib\javafx\bin\api-ms-win-core-errorhandling-l1-1-0.dll
0x00000000007f0000 - 0x00000000007f4000 	C:\Program Files\Greenfoot\lib\javafx\bin\api-ms-win-core-file-l1-1-0.dll
0x0000000000800000 - 0x0000000000803000 	C:\Program Files\Greenfoot\lib\javafx\bin\api-ms-win-core-file-l1-2-0.dll
0x0000000000810000 - 0x0000000000813000 	C:\Program Files\Greenfoot\lib\javafx\bin\api-ms-win-core-file-l2-1-0.dll
0x0000000000820000 - 0x0000000000823000 	C:\Program Files\Greenfoot\lib\javafx\bin\api-ms-win-core-handle-l1-1-0.dll
0x0000000002fa0000 - 0x0000000002fa3000 	C:\Program Files\Greenfoot\lib\javafx\bin\api-ms-win-core-heap-l1-1-0.dll
0x0000000002fb0000 - 0x0000000002fb3000 	C:\Program Files\Greenfoot\lib\javafx\bin\api-ms-win-core-interlocked-l1-1-0.dll
0x0000000002fc0000 - 0x0000000002fc3000 	C:\Program Files\Greenfoot\lib\javafx\bin\api-ms-win-core-libraryloader-l1-1-0.dll
0x0000000002fd0000 - 0x0000000002fd3000 	C:\Program Files\Greenfoot\lib\javafx\bin\api-ms-win-core-localization-l1-2-0.dll
0x0000000002fe0000 - 0x0000000002fe3000 	C:\Program Files\Greenfoot\lib\javafx\bin\api-ms-win-core-memory-l1-1-0.dll
0x0000000002ff0000 - 0x0000000002ff3000 	C:\Program Files\Greenfoot\lib\javafx\bin\api-ms-win-core-namedpipe-l1-1-0.dll
0x0000000003000000 - 0x0000000003003000 	C:\Program Files\Greenfoot\lib\javafx\bin\api-ms-win-core-processenvironment-l1-1-0.dll
0x0000000003010000 - 0x0000000003013000 	C:\Program Files\Greenfoot\lib\javafx\bin\api-ms-win-core-processthreads-l1-1-0.dll
0x00000000270d0000 - 0x00000000270d3000 	C:\Program Files\Greenfoot\lib\javafx\bin\api-ms-win-core-processthreads-l1-1-1.dll
0x00000000270e0000 - 0x00000000270e3000 	C:\Program Files\Greenfoot\lib\javafx\bin\api-ms-win-core-profile-l1-1-0.dll
0x00000000270f0000 - 0x00000000270f3000 	C:\Program Files\Greenfoot\lib\javafx\bin\api-ms-win-core-rtlsupport-l1-1-0.dll
0x0000000027100000 - 0x0000000027103000 	C:\Program Files\Greenfoot\lib\javafx\bin\api-ms-win-core-string-l1-1-0.dll
0x0000000027110000 - 0x0000000027113000 	C:\Program Files\Greenfoot\lib\javafx\bin\api-ms-win-core-synch-l1-1-0.dll
0x0000000027120000 - 0x0000000027123000 	C:\Program Files\Greenfoot\lib\javafx\bin\api-ms-win-core-synch-l1-2-0.dll
0x0000000027130000 - 0x0000000027133000 	C:\Program Files\Greenfoot\lib\javafx\bin\api-ms-win-core-sysinfo-l1-1-0.dll
0x0000000027140000 - 0x0000000027143000 	C:\Program Files\Greenfoot\lib\javafx\bin\api-ms-win-core-timezone-l1-1-0.dll
0x0000000027150000 - 0x0000000027153000 	C:\Program Files\Greenfoot\lib\javafx\bin\api-ms-win-core-util-l1-1-0.dll
0x0000000027160000 - 0x0000000027163000 	C:\Program Files\Greenfoot\lib\javafx\bin\api-ms-win-crt-conio-l1-1-0.dll
0x0000000027170000 - 0x0000000027174000 	C:\Program Files\Greenfoot\lib\javafx\bin\api-ms-win-crt-convert-l1-1-0.dll
0x0000000027180000 - 0x0000000027183000 	C:\Program Files\Greenfoot\lib\javafx\bin\api-ms-win-crt-environment-l1-1-0.dll
0x0000000027190000 - 0x0000000027193000 	C:\Program Files\Greenfoot\lib\javafx\bin\api-ms-win-crt-filesystem-l1-1-0.dll
0x00000000271a0000 - 0x00000000271a3000 	C:\Program Files\Greenfoot\lib\javafx\bin\api-ms-win-crt-heap-l1-1-0.dll
0x00000000271b0000 - 0x00000000271b3000 	C:\Program Files\Greenfoot\lib\javafx\bin\api-ms-win-crt-locale-l1-1-0.dll
0x00000000271c0000 - 0x00000000271c5000 	C:\Program Files\Greenfoot\lib\javafx\bin\api-ms-win-crt-math-l1-1-0.dll
0x00000000271d0000 - 0x00000000271d5000 	C:\Program Files\Greenfoot\lib\javafx\bin\api-ms-win-crt-multibyte-l1-1-0.dll
0x00000000271e0000 - 0x00000000271f0000 	C:\Program Files\Greenfoot\lib\javafx\bin\api-ms-win-crt-private-l1-1-0.dll
0x00000000271f0000 - 0x00000000271f3000 	C:\Program Files\Greenfoot\lib\javafx\bin\api-ms-win-crt-process-l1-1-0.dll
0x0000000027200000 - 0x0000000027204000 	C:\Program Files\Greenfoot\lib\javafx\bin\api-ms-win-crt-runtime-l1-1-0.dll
0x0000000027210000 - 0x0000000027214000 	C:\Program Files\Greenfoot\lib\javafx\bin\api-ms-win-crt-stdio-l1-1-0.dll
0x0000000027220000 - 0x0000000027224000 	C:\Program Files\Greenfoot\lib\javafx\bin\api-ms-win-crt-string-l1-1-0.dll
0x0000000027230000 - 0x0000000027233000 	C:\Program Files\Greenfoot\lib\javafx\bin\api-ms-win-crt-time-l1-1-0.dll
0x0000000027240000 - 0x0000000027243000 	C:\Program Files\Greenfoot\lib\javafx\bin\api-ms-win-crt-utility-l1-1-0.dll
0x00007ff9bc410000 - 0x00007ff9bc50a000 	C:\Program Files\Greenfoot\lib\javafx\bin\ucrtbase.dll
0x00007ff9bc3f0000 - 0x00007ff9bc406000 	C:\Program Files\Greenfoot\lib\javafx\bin\vcruntime140.dll
0x00007ff9bc340000 - 0x00007ff9bc3e6000 	C:\Program Files\Greenfoot\lib\javafx\bin\msvcp140.dll
0x00007ff9bc2e0000 - 0x00007ff9bc331000 	C:\Program Files\Greenfoot\lib\javafx\bin\concrt140.dll
0x00007ff9bc2b0000 - 0x00007ff9bc2d3000 	C:\Program Files\Greenfoot\lib\javafx\bin\prism_d3d.dll
0x00007ff99b8b0000 - 0x00007ff99ba77000 	C:\Windows\system32\d3d9.dll
0x00007ff9d6870000 - 0x00007ff9d689d000 	C:\Windows\SYSTEM32\dwmapi.dll
0x00007ff9d7130000 - 0x00007ff9d7150000 	C:\Windows\SYSTEM32\dxcore.dll
0x00007ff9d6400000 - 0x00007ff9d6499000 	C:\Windows\system32\uxtheme.dll
0x00007ff999370000 - 0x00007ff99b8ad000 	C:\Windows\SYSTEM32\igdumdim64.dll
0x00007ff9da5f0000 - 0x00007ff9da6b4000 	C:\Windows\System32\OLEAUT32.dll
0x00007ff9da200000 - 0x00007ff9da357000 	C:\Windows\System32\ole32.dll
0x00007ff9dafd0000 - 0x00007ff9db440000 	C:\Windows\System32\SETUPAPI.dll
0x00007ff9d9600000 - 0x00007ff9d9626000 	C:\Windows\System32\bcrypt.dll
0x00007ff9bbeb0000 - 0x00007ff9bbef5000 	C:\Program Files\Greenfoot\lib\javafx\bin\glass.dll
0x00007ff9da500000 - 0x00007ff9da5d0000 	C:\Windows\System32\COMDLG32.dll
0x00007ff9cdd40000 - 0x00007ff9cdde9000 	C:\Windows\WinSxS\amd64_microsoft.windows.common-controls_6595b64144ccf1df_5.82.18362.720_none_2a258974466b9fae\COMCTL32.dll
0x00007ff9daa00000 - 0x00007ff9dab36000 	C:\Windows\System32\MSCTF.dll
0x00007ff9c7de0000 - 0x00007ff9c8820000 	C:\Windows\SYSTEM32\igdusc64.dll
0x00007ff9c6500000 - 0x00007ff9c6518000 	C:\Program Files (x86)\Smadav\SmadHook64c.dll
0x00007ff9d8cb0000 - 0x00007ff9d8d0c000 	C:\Windows\System32\WINTRUST.dll
0x00007ff9d84d0000 - 0x00007ff9d84e2000 	C:\Windows\System32\MSASN1.dll
0x00007ff9d8d10000 - 0x00007ff9d8e59000 	C:\Windows\System32\CRYPT32.dll
0x00007ff9a69e0000 - 0x00007ff9a6b7e000 	C:\Program Files\Greenfoot\jdk\bin\awt.dll
0x00007ff9d4a00000 - 0x00007ff9d4fc0000 	C:\Windows\SYSTEM32\d2d1.dll
0x00007ff9d6010000 - 0x00007ff9d609f000 	C:\Windows\SYSTEM32\apphelp.dll
0x00007ff9bc290000 - 0x00007ff9bc2a4000 	C:\Program Files\Greenfoot\lib\javafx\bin\javafx_font.dll
0x00007ff9c7270000 - 0x00007ff9c756e000 	C:\Windows\SYSTEM32\dwrite.dll
0x00007ff9dae10000 - 0x00007ff9daeb2000 	C:\Windows\System32\clbcatq.dll
0x00007ff9c7b50000 - 0x00007ff9c7dd5000 	C:\Windows\WinSxS\amd64_microsoft.windows.common-controls_6595b64144ccf1df_6.0.18362.720_none_e6beb5c51314836b\comctl32.dll
0x00007ff9cda50000 - 0x00007ff9cdbff000 	C:\Windows\SYSTEM32\WindowsCodecs.dll
0x00007ff9b6250000 - 0x00007ff9b628a000 	C:\Windows\system32\dataexchange.dll
0x00007ff9d56c0000 - 0x00007ff9d589b000 	C:\Windows\system32\dcomp.dll
0x00007ff9d5000000 - 0x00007ff9d525b000 	C:\Windows\system32\d3d11.dll
0x00007ff9d71c0000 - 0x00007ff9d72ab000 	C:\Windows\system32\dxgi.dll
0x00007ff9d6520000 - 0x00007ff9d677a000 	C:\Windows\system32\twinapi.appcore.dll
0x00007ff9d6a30000 - 0x00007ff9d6a59000 	C:\Windows\system32\RMCLIENT.dll
0x00007ff9bc250000 - 0x00007ff9bc283000 	C:\Program Files\Common Files\Microsoft Shared\Ink\rtscom.dll
0x00007ff9cb010000 - 0x00007ff9cb0ae000 	C:\Windows\System32\TextInputFramework.dll
0x00007ff9cdfa0000 - 0x00007ff9ce2ca000 	C:\Windows\System32\CoreUIComponents.dll

dbghelp: loaded successfully - version: 4.0.5 - missing functions: none
symbol engine: initialized successfully - sym options: 0x614 - pdb path: .;C:\Program Files\Greenfoot;C:\Windows\SYSTEM32;C:\Program Files\Greenfoot\jdk\bin\server;C:\Program Files\Greenfoot\jdk\bin;C:\Program Files\Greenfoot\lib\javafx\bin;C:\Windows\System32\DriverStore\FileRepository\nvam.inf_amd64_1aae4f19e68d0780;C:\Windows\WinSxS\amd64_microsoft.windows.common-controls_6595b64144ccf1df_5.82.18362.720_none_2a258974466b9fae;C:\Program Files (x86)\Smadav;C:\Windows\WinSxS\amd64_microsoft.windows.common-controls_6595b64144ccf1df_6.0.18362.720_none_e6beb5c51314836b;C:\Program Files\Common Files\Microsoft Shared\Ink

VM Arguments:
jvm_args: -Djavafx.embed.singleThread=true 
java_command: <unknown>
java_class_path (initial): C:\Program Files\Greenfoot\lib\bluej.jar;C:\Program Files\Greenfoot\lib\javafx\lib\javafx.base.jar;C:\Program Files\Greenfoot\lib\javafx\lib\javafx.controls.jar;C:\Program Files\Greenfoot\lib\javafx\lib\javafx.fxml.jar;C:\Program Files\Greenfoot\lib\javafx\lib\javafx.graphics.jar;C:\Program Files\Greenfoot\lib\javafx\lib\javafx.media.jar;C:\Program Files\Greenfoot\lib\javafx\lib\javafx.properties.jar;C:\Program Files\Greenfoot\lib\javafx\lib\javafx.swing.jar;C:\Program Files\Greenfoot\lib\javafx\lib\javafx.web.jar
Launcher Type: generic

[Global flags]
     intx CICompilerCount                          = 3                                         {product} {ergonomic}
     uint ConcGCThreads                            = 1                                         {product} {ergonomic}
     uint G1ConcRefinementThreads                  = 4                                         {product} {ergonomic}
   size_t G1HeapRegionSize                         = 1048576                                   {product} {ergonomic}
    uintx GCDrainStackTargetSize                   = 64                                        {product} {ergonomic}
   size_t InitialHeapSize                          = 201326592                                 {product} {ergonomic}
   size_t MarkStackSize                            = 4194304                                   {product} {ergonomic}
   size_t MaxHeapSize                              = 3191865344                                {product} {ergonomic}
   size_t MaxNewSize                               = 1914699776                                {product} {ergonomic}
   size_t MinHeapDeltaBytes                        = 1048576                                   {product} {ergonomic}
    uintx NonNMethodCodeHeapSize                   = 5830092                                {pd product} {ergonomic}
    uintx NonProfiledCodeHeapSize                  = 122914074                              {pd product} {ergonomic}
    uintx ProfiledCodeHeapSize                     = 122914074                              {pd product} {ergonomic}
    uintx ReservedCodeCacheSize                    = 251658240                              {pd product} {ergonomic}
     bool SegmentedCodeCache                       = true                                      {product} {ergonomic}
     bool UseCompressedClassPointers               = true                                 {lp64_product} {ergonomic}
     bool UseCompressedOops                        = true                                 {lp64_product} {ergonomic}
     bool UseG1GC                                  = true                                      {product} {ergonomic}
     bool UseLargePagesIndividualAllocation        = false                                  {pd product} {ergonomic}

Logging:
Log output configuration:
 #0: stdout all=warning uptime,level,tags
 #1: stderr all=off uptime,level,tags

Environment Variables:
JAVA_HOME=C:\Program Files\Java\jdk1.8.0_102
PATH=C:\ProgramData\Oracle\Java\javapath;C:\Program Files (x86)\Common Files\Intel\Shared Files\cpp\bin\Intel64;C:\Windows\system32;C:\Windows;C:\Windows\System32\Wbem;C:\Windows\System32\WindowsPowerShell\v1.0\;C:\Windows\System32\OpenSSH\;C:\Program Files\ideaIC-2019.3.3.win;C:\Program Files\Java\jdk1.8.0_102\bin;C:\xampp\mysql\bin;C:\Program Files\IBM\SPSS\Statistics\25\JRE\bin;C:\Program Files\Git\cmd;C:\Users\user\AppData\Local\Microsoft\WindowsApps;C:\Program Files\ideaIC-2019.3.3.win;
USERNAME=user
OS=Windows_NT
PROCESSOR_IDENTIFIER=Intel64 Family 6 Model 69 Stepping 1, GenuineIntel



---------------  S Y S T E M  ---------------

OS: Windows 10 , 64 bit Build 18362 (10.0.18362.329)

CPU:total 4 (initial active 4) (2 cores per cpu, 2 threads per core) family 6 model 69 stepping 1, cmov, cx8, fxsr, mmx, sse, sse2, sse3, ssse3, sse4.1, sse4.2, popcnt, avx, avx2, aes, clmul, erms, lzcnt, ht, tsc, tscinvbit, bmi1, bmi2, fma

Memory: 4k page, system-wide physical 12171M (4528M free)
TotalPageFile size 40707M (AvailPageFile size 0M)
current process WorkingSet (physical memory assigned to process): 314M, peak: 546M
current process commit charge ("private bytes"): 552M, peak: 591M

vm_info: OpenJDK 64-Bit Server VM (11.0.2+9) for windows-amd64 JRE (11.0.2+9), built on Jan 18 2019 05:23:22 by "mach5one" with MS VC++ 15.5 (VS2017)

END.
